[websitedemos.net/business-consulting-02/index6195.html]
[backblue.gif]
[fade.gif]
[index.html]
[websitedemos.net/business-consulting-02/wp-content/themes/astra/assets/css/minified/main.min80dd.css]
[websitedemos.net/business-consulting-02/wp-content/themes/astra/assets/css/minified/menu-animation.min80dd.css]
[websitedemos.net/business-consulting-02/index.html]
[websitedemos.net/business-consulting-02/wp-content/plugins/header-footer-elementor/inc/widgets-css/frontendfc3c.css]
[websitedemos.net/business-consulting-02/feed/index.html]
[websitedemos.net/business-consulting-02/wp-content/plugins/latepoint/public/stylesheets/front7092.css]
[websitedemos.net/business-consulting-02/wp-content/plugins/header-footer-elementor/assets/css/header-footer-elementorfc3c.css]
[websitedemos.net/business-consulting-02/wp-content/plugins/elementor/assets/lib/eicons/css/elementor-icons.min2778.css]
[websitedemos.net/business-consulting-02/wp-content/plugins/elementor/assets/css/frontend.mindabc.css]
[websitedemos.net/business-consulting-02/wp-content/uploads/sites/777/elementor/css/post-5572a.css]
[websitedemos.net/business-consulting-02/wp-content/plugins/astra-sites-showcase/assets/css/blocks18f6.css]
[websitedemos.net/business-consulting-02/comments/feed/index.html]
[websitedemos.net/business-consulting-02/wp-content/plugins/elementor/assets/css/widget-heading.mindabc.css]
[websitedemos.net/business-consulting-02/wp-content/plugins/elementor/assets/css/widget-image.mindabc.css]
[websitedemos.net/business-consulting-02/wp-content/plugins/elementor/assets/css/widget-divider.mindabc.css]
[websitedemos.net/business-consulting-02/wp-content/plugins/elementor/assets/css/widget-image-box.mindabc.css]
[websitedemos.net/business-consulting-02/wp-content/uploads/sites/777/elementor/css/post-6168f.css]
[websitedemos.net/business-consulting-02/wp-content/uploads/sites/777/elementor/css/post-4729d55.css]
[websitedemos.net/business-consulting-02/wp-content/plugins/elementor/assets/lib/eicons/css/elementor-icons.min705c.css]
[websitedemos.net/business-consulting-02/wp-content/plugins/elementor/assets/css/widget-icon-list.min44b4.css]
[websitedemos.net/business-consulting-02/wp-content/plugins/elementor/assets/css/widget-social-icons.min2401.css]
[websitedemos.net/business-consulting-02/wp-content/plugins/elementor/assets/lib/font-awesome/css/brands52d5.css]
[websitedemos.net/business-consulting-02/wp-content/plugins/elementor/assets/lib/font-awesome/css/fontawesome52d5.css]
[websitedemos.net/business-consulting-02/wp-content/plugins/elementor/assets/lib/font-awesome/css/solid52d5.css]
[websitedemos.net/business-consulting-02/wp-content/uploads/sites/777/elementor/google-fonts/css/robotoefcd.css]
[websitedemos.net/business-consulting-02/wp-content/uploads/sites/777/elementor/google-fonts/css/robotoslab2b71.css]
[websitedemos.net/business-consulting-02/wp-content/plugins/elementor/assets/lib/font-awesome/css/fontawesome.min52d5.css]
[websitedemos.net/business-consulting-02/wp-content/plugins/elementor/assets/lib/font-awesome/css/solid.min52d5.css]
[websitedemos.net/business-consulting-02/wp-includes/js/jquery/jquery.minf43b.js]
[websitedemos.net/business-consulting-02/wp-includes/js/jquery/jquery-migrate.min5589.js]
[websitedemos.net/business-consulting-02/wp-content/plugins/latepoint/public/javascripts/vendor-front7092.js]
[websitedemos.net/business-consulting-02/wp-includes/js/dist/hooks.min4fdd.js]
[websitedemos.net/business-consulting-02/wp-includes/js/dist/i18n.minc33c.js]
[websitedemos.net/business-consulting-02/wp-content/plugins/latepoint/public/javascripts/front7092.js]
[websitedemos.net/business-consulting-02/wp-includes/js/dist/dom-ready.min5346.js]
[websitedemos.net/business-consulting-02/wp-includes/js/dist/vendor/wp-polyfill.min2c7c.js]
[websitedemos.net/business-consulting-02/wp-includes/js/dist/url.mind63a.js]
[websitedemos.net/business-consulting-02/wp-content/plugins/astra-sites-server/dist/template-preview/mainace1.js]
[websitedemos.net/business-consulting-02/wp-json/wp/v2/pages/6.json]
[websitedemos.net/business-consulting-02/xmlrpc0db0.php]
[websitedemos.net/business-consulting-02/wp-json/index.html]
[websitedemos.net/business-consulting-02/wp-json/oembed/1.0/embede1a5.json]
[websitedemos.net/business-consulting-02/wp-json/oembed/1.0/embedcae2]
[websitedemos.net/business-consulting-02/wp-content/uploads/sites/777/2021/02/cropped-business-coaching-favicon-32x32.png]
[websitedemos.net/business-consulting-02/wp-content/uploads/sites/777/2021/02/cropped-business-coaching-favicon-192x192.png]
[websitedemos.net/business-consulting-02/wp-content/uploads/sites/777/2021/02/cropped-business-coaching-favicon-180x180.png]
[websitedemos.net/business-consulting-02/wp-content/uploads/sites/777/2021/02/site-logo-white.svg]
[websitedemos.net/business-consulting-02/wp-content/uploads/sites/777/2021/02/logo-1.svg]
[websitedemos.net/business-consulting-02/wp-content/uploads/sites/777/2021/02/logo-2.svg]
[websitedemos.net/business-consulting-02/wp-content/uploads/sites/777/2021/02/logo-3.svg]
[websitedemos.net/business-consulting-02/wp-content/uploads/sites/777/2021/02/logo-4.svg]
[websitedemos.net/business-consulting-02/wp-content/uploads/sites/777/2021/02/logo-5.svg]
[websitedemos.net/business-consulting-02/wp-content/uploads/sites/777/2021/02/logo-6.svg]
[websitedemos.net/business-consulting-02/about/index.html]
[websitedemos.net/business-consulting-02/wp-content/uploads/sites/777/2021/02/logo-7.svg]
[websitedemos.net/business-consulting-02/wp-content/uploads/sites/777/2021/02/logo-8.svg]
[websitedemos.net/business-consulting-02/wp-content/uploads/sites/777/2021/02/business-consulting-woman-figure-img-bg.jpg]
[websitedemos.net/business-consulting-02/wp-content/uploads/sites/777/2021/02/signature.png]
[websitedemos.net/business-consulting-02/services/index.html]
[websitedemos.net/business-consulting-02/wp-content/uploads/sites/777/2021/02/business-couching-consulting-template-reviewer-2.jpg]
[websitedemos.net/business-consulting-02/wp-content/uploads/sites/777/2021/02/business-couching-consulting-template-reviewer-3.jpg]
[websitedemos.net/business-consulting-02/wp-content/uploads/sites/777/2021/02/business-couching-consulting-template-reviewer-1.jpg]
[websitedemos.net/business-consulting-02/wp-content/uploads/sites/777/2021/02/business-couching-consulting-template-reviewer-4.jpg]
[websitedemos.net/business-consulting-02/wp-content/uploads/sites/777/2021/02/site-logo-black.svg]
[websitedemos.net/business-consulting-02/contact/index.html]
[websitedemos.net/cdn-cgi/scripts/5c5dd728/cloudflare-static/email-decode.min.js]
[websitedemos.net/business-consulting-02/wp-content/themes/astra/assets/js/minified/frontend.min80dd.js]
[websitedemos.net/business-consulting-02/wp-content/plugins/elementor/assets/js/webpack.runtime.mindabc.js]
[websitedemos.net/business-consulting-02/wp-content/plugins/elementor/assets/js/frontend-modules.mindabc.js]
[websitedemos.net/business-consulting-02/wp-includes/js/jquery/ui/core.minb37e.js]
[websitedemos.net/business-consulting-02/wp-content/plugins/elementor/assets/js/frontend.mindabc.js]
[websitedemos.net/business-consulting-02/wp-content/plugins/astra-pro-sites/inc/lib/onboarding/assets/dist/template-preview/maina11c.js]
[websitedemos.net/business-consulting-02/wp-includes/js/dist/vendor/react.mine1ab.js]
[websitedemos.net/business-consulting-02/wp-includes/js/dist/vendor/react-dom.mine1ab.js]
[websitedemos.net/business-consulting-02/wp-includes/js/dist/escape-html.min3a9d.js]
[websitedemos.net/business-consulting-02/wp-includes/js/dist/element.minfa0f.js]
[websitedemos.net/business-consulting-02/index6195.html]
[websitedemos.net/business-consulting-02/index.html]
[websitedemos.net/business-consulting-02/wp-content/themes/astra/assets/css/minified/main.min80dd.css]
[websitedemos.net/business-consulting-02/wp-content/themes/astra/assets/css/minified/menu-animation.min80dd.css]
[websitedemos.net/business-consulting-02/wp-content/plugins/header-footer-elementor/inc/widgets-css/frontendfc3c.css]
[websitedemos.net/business-consulting-02/wp-content/plugins/astra-sites-server/admin/showcase-cta/switcher/dist/main150d.js]
[websitedemos.net/wp-content/plugins/latepoint/public/images/apple-logo-compact.png]
[websitedemos.net/wp-content/plugins/latepoint/public/images/google-logo-compact.png]
[websitedemos.net/wp-content/plugins/latepoint/public/images/outlook-logo-compact.png]
[websitedemos.net/wp-content/plugins/latepoint/public/images/office-365-logo-compact.jpg]
[websitedemos.net/wp-content/plugins/latepoint/public/images/location-image.png]
[websitedemos.net/business-consulting-02/wp-content/plugins/latepoint/public/images/intl-tel-input/flags.png]
[websitedemos.net/business-consulting-02/wp-content/plugins/latepoint/public/images/intl-tel-input/flags@2x.png]
[websitedemos.net/business-consulting-02/wp-content/plugins/latepoint/public/stylesheets/front7092.css]
[websitedemos.net/business-consulting-02/wp-content/plugins/header-footer-elementor/assets/css/header-footer-elementorfc3c.css]
[websitedemos.net/business-consulting-02/wp-content/plugins/elementor/assets/lib/eicons/fonts/eicons4518.eot]
[websitedemos.net/business-consulting-02/wp-content/plugins/elementor/assets/lib/eicons/fonts/eicons4518.woff2]
[websitedemos.net/business-consulting-02/wp-content/plugins/elementor/assets/lib/eicons/fonts/eicons4518.woff]
[websitedemos.net/business-consulting-02/wp-content/plugins/elementor/assets/lib/eicons/fonts/eicons4518.ttf]
[websitedemos.net/business-consulting-02/wp-content/plugins/elementor/assets/lib/eicons/css/elementor-icons.min2778.css]
[websitedemos.net/business-consulting-02/wp-content/plugins/elementor/assets/css/frontend.mindabc.css]
[websitedemos.net/business-consulting-02/wp-content/uploads/sites/777/elementor/css/post-5572a.css]
[websitedemos.net/business-consulting-02/wp-content/plugins/astra-sites-showcase/assets/css/blocks18f6.css]
[websitedemos.net/business-consulting-02/wp-content/plugins/elementor/assets/css/widget-heading.mindabc.css]
[websitedemos.net/business-consulting-02/wp-content/plugins/elementor/assets/css/widget-image.mindabc.css]
[websitedemos.net/business-consulting-02/wp-content/plugins/elementor/assets/css/widget-divider.mindabc.css]
[websitedemos.net/business-consulting-02/wp-content/plugins/elementor/assets/css/widget-image-box.mindabc.css]
[websitedemos.net/business-consulting-02/wp-content/plugins/elementor/assets/lib/eicons/fonts/eicons4518.svg]
[websitedemos.net/business-consulting-02/wp-content/uploads/sites/777/2021/02/business-consulting-hero-img-bg.jpg]
[websitedemos.net/business-consulting-02/wp-content/uploads/sites/777/elementor/css/post-6168f.css]
[websitedemos.net/business-consulting-02/wp-content/uploads/sites/777/elementor/css/post-4729d55.css]
[websitedemos.net/business-consulting-02/wp-content/plugins/elementor/assets/lib/eicons/css/elementor-icons.min705c.css]
[websitedemos.net/business-consulting-02/wp-content/plugins/elementor/assets/css/widget-icon-list.min44b4.css]
[websitedemos.net/business-consulting-02/wp-content/plugins/elementor/assets/css/widget-social-icons.min2401.css]
[websitedemos.net/business-consulting-02/wp-content/plugins/elementor/assets/lib/font-awesome/webfonts/fa-brands-400.eot]
[websitedemos.net/business-consulting-02/wp-content/plugins/elementor/assets/lib/font-awesome/webfonts/fa-brands-400d41d.eot]
[websitedemos.net/business-consulting-02/wp-content/plugins/elementor/assets/lib/font-awesome/webfonts/fa-brands-400.woff2]
[websitedemos.net/business-consulting-02/wp-content/plugins/elementor/assets/lib/font-awesome/webfonts/fa-brands-400.woff]
[websitedemos.net/business-consulting-02/wp-content/plugins/elementor/assets/lib/font-awesome/webfonts/fa-brands-400.ttf]
[websitedemos.net/business-consulting-02/wp-content/plugins/elementor/assets/lib/font-awesome/css/brands52d5.css]
[websitedemos.net/business-consulting-02/wp-content/plugins/elementor/assets/lib/font-awesome/css/fontawesome52d5.css]
[websitedemos.net/business-consulting-02/wp-content/plugins/elementor/assets/lib/font-awesome/webfonts/fa-brands-400.svg]
[websitedemos.net/business-consulting-02/wp-content/plugins/elementor/assets/lib/font-awesome/webfonts/fa-solid-900.eot]
[websitedemos.net/business-consulting-02/wp-content/plugins/elementor/assets/lib/font-awesome/webfonts/fa-solid-900d41d.eot]
[websitedemos.net/business-consulting-02/wp-content/plugins/elementor/assets/lib/font-awesome/webfonts/fa-solid-900.woff2]
[websitedemos.net/business-consulting-02/wp-content/plugins/elementor/assets/lib/font-awesome/webfonts/fa-solid-900.woff]
[websitedemos.net/business-consulting-02/wp-content/plugins/elementor/assets/lib/font-awesome/webfonts/fa-solid-900.ttf]
[websitedemos.net/business-consulting-02/wp-content/plugins/elementor/assets/lib/font-awesome/css/solid52d5.css]
[websitedemos.net/business-consulting-02/wp-content/plugins/elementor/assets/lib/font-awesome/webfonts/fa-solid-900.svg]
[websitedemos.net/business-consulting-02/wp-content/uploads/sites/777/elementor/google-fonts/fonts/roboto-kfo5cnqeu92fr1mu53zec9_vu3r1gihoszmkc3kawzu.woff2]
[websitedemos.net/business-consulting-02/wp-content/uploads/sites/777/elementor/google-fonts/fonts/roboto-kfo5cnqeu92fr1mu53zec9_vu3r1gihoszmkankawzu.woff2]
[websitedemos.net/business-consulting-02/wp-content/uploads/sites/777/elementor/google-fonts/fonts/roboto-kfo5cnqeu92fr1mu53zec9_vu3r1gihoszmkcnkawzu.woff2]
[websitedemos.net/business-consulting-02/wp-content/uploads/sites/777/elementor/google-fonts/fonts/roboto-kfo5cnqeu92fr1mu53zec9_vu3r1gihoszmkbxkawzu.woff2]
[websitedemos.net/business-consulting-02/wp-content/uploads/sites/777/elementor/google-fonts/fonts/roboto-kfo5cnqeu92fr1mu53zec9_vu3r1gihoszmkenkawzu.woff2]
[websitedemos.net/business-consulting-02/wp-content/uploads/sites/777/elementor/google-fonts/fonts/roboto-kfo5cnqeu92fr1mu53zec9_vu3r1gihoszmkahkawzu.woff2]
[websitedemos.net/business-consulting-02/wp-content/uploads/sites/777/elementor/google-fonts/fonts/roboto-kfo5cnqeu92fr1mu53zec9_vu3r1gihoszmkcxkawzu.woff2]
[websitedemos.net/business-consulting-02/wp-content/uploads/sites/777/elementor/google-fonts/fonts/roboto-kfo5cnqeu92fr1mu53zec9_vu3r1gihoszmkchkawzu.woff2]
[websitedemos.net/business-consulting-02/wp-content/uploads/sites/777/elementor/google-fonts/fonts/roboto-kfo5cnqeu92fr1mu53zec9_vu3r1gihoszmkbnka.woff2]
[websitedemos.net/business-consulting-02/wp-content/uploads/sites/777/elementor/google-fonts/fonts/roboto-kfo7cnqeu92fr1me7ksn66agldtyluama3gubgee.woff2]
[websitedemos.net/business-consulting-02/wp-content/uploads/sites/777/elementor/google-fonts/fonts/roboto-kfo7cnqeu92fr1me7ksn66agldtyluama3iubgee.woff2]
[websitedemos.net/business-consulting-02/wp-content/uploads/sites/777/elementor/google-fonts/fonts/roboto-kfo7cnqeu92fr1me7ksn66agldtyluama3cubgee.woff2]
[websitedemos.net/business-consulting-02/wp-content/uploads/sites/777/elementor/google-fonts/fonts/roboto-kfo7cnqeu92fr1me7ksn66agldtyluama3-ubgee.woff2]
[websitedemos.net/business-consulting-02/wp-content/uploads/sites/777/elementor/google-fonts/fonts/roboto-kfo7cnqeu92fr1me7ksn66agldtyluamawcubgee.woff2]
[websitedemos.net/business-consulting-02/wp-content/uploads/sites/777/elementor/google-fonts/fonts/roboto-kfo7cnqeu92fr1me7ksn66agldtyluamaxkubgee.woff2]
[websitedemos.net/business-consulting-02/wp-content/uploads/sites/777/elementor/google-fonts/fonts/roboto-kfo7cnqeu92fr1me7ksn66agldtyluama3oubgee.woff2]
[websitedemos.net/business-consulting-02/wp-content/uploads/sites/777/elementor/google-fonts/fonts/roboto-kfo7cnqeu92fr1me7ksn66agldtyluama3kubgee.woff2]
[websitedemos.net/business-consulting-02/wp-content/uploads/sites/777/elementor/google-fonts/fonts/roboto-kfo7cnqeu92fr1me7ksn66agldtyluama3yuba.woff2]
[websitedemos.net/business-consulting-02/wp-content/uploads/sites/777/elementor/google-fonts/css/robotoefcd.css]
[websitedemos.net/business-consulting-02/wp-content/uploads/sites/777/elementor/google-fonts/fonts/robotoslab-bngmuxzytxpivibgjjsb6ufa5qw54a.woff2]
[websitedemos.net/business-consulting-02/wp-content/uploads/sites/777/elementor/google-fonts/fonts/robotoslab-bngmuxzytxpivibgjjsb6ufj5qw54a.woff2]
[websitedemos.net/business-consulting-02/wp-content/uploads/sites/777/elementor/google-fonts/fonts/robotoslab-bngmuxzytxpivibgjjsb6ufb5qw54a.woff2]
[websitedemos.net/business-consulting-02/wp-content/uploads/sites/777/elementor/google-fonts/fonts/robotoslab-bngmuxzytxpivibgjjsb6ufo5qw54a.woff2]
[websitedemos.net/business-consulting-02/wp-content/uploads/sites/777/elementor/google-fonts/fonts/robotoslab-bngmuxzytxpivibgjjsb6ufc5qw54a.woff2]
[websitedemos.net/business-consulting-02/wp-content/uploads/sites/777/elementor/google-fonts/fonts/robotoslab-bngmuxzytxpivibgjjsb6ufd5qw54a.woff2]
[websitedemos.net/business-consulting-02/wp-content/uploads/sites/777/elementor/google-fonts/fonts/robotoslab-bngmuxzytxpivibgjjsb6ufn5qu.woff2]
[websitedemos.net/business-consulting-02/wp-content/uploads/sites/777/elementor/google-fonts/css/robotoslab2b71.css]
[websitedemos.net/business-consulting-02/wp-content/plugins/elementor/assets/lib/font-awesome/css/fontawesome.min52d5.css]
[websitedemos.net/business-consulting-02/wp-content/plugins/elementor/assets/lib/font-awesome/css/solid.min52d5.css]
[websitedemos.net/business-consulting-02/xmlrpc0db0.html]
[www.googletagmanager.com/gtm5445.html]
[websitedemos.net/business-consulting-02/wp-content/uploads/sites/777/2021/02/site-logo-white.svg]
[websitedemos.net/business-consulting-02/wp-content/plugins/elementor/assets/lib/animations/styles/e-animation-grow.mindabc.css]
[websitedemos.net/business-consulting-02/wp-content/uploads/sites/777/elementor/css/post-534228c.css]
[websitedemos.net/business-consulting-02/wp-json/wp/v2/pages/534.json]
[websitedemos.net/business-consulting-02/wp-json/oembed/1.0/embed4243.json]
[websitedemos.net/business-consulting-02/wp-json/oembed/1.0/embed6901]
[websitedemos.net/business-consulting-02/wp-content/uploads/sites/777/2021/03/lisa-martin-profile.jpg]
[websitedemos.net/business-consulting-02/wp-content/uploads/sites/777/2021/03/lisa-quote.jpg]
[websitedemos.net/business-consulting-02/about/index.html]
[websitedemos.net/business-consulting-02/wp-content/uploads/sites/777/elementor/css/post-642e0ff.css]
[websitedemos.net/business-consulting-02/wp-json/wp/v2/pages/642.json]
[websitedemos.net/business-consulting-02/wp-json/oembed/1.0/embed8a0c.json]
[websitedemos.net/business-consulting-02/services/index.html]
[websitedemos.net/business-consulting-02/wp-json/oembed/1.0/embed1839]
[websitedemos.net/business-consulting-02/wp-content/plugins/elementor/assets/css/widget-icon-box.mindabc.css]
[websitedemos.net/business-consulting-02/wp-content/plugins/elementor/assets/css/widget-social-icons.mindabc.css]
[websitedemos.net/business-consulting-02/wp-content/plugins/elementor/assets/css/conditionals/apple-webkit.mindabc.css]
[websitedemos.net/business-consulting-02/wp-content/plugins/elementor/assets/css/widget-google_maps.mindabc.css]
[websitedemos.net/business-consulting-02/wp-content/plugins/elementor/assets/css/widget-icon-list.mindabc.css]
[websitedemos.net/business-consulting-02/wp-content/uploads/sites/777/elementor/css/post-736e4fa.css]
[websitedemos.net/business-consulting-02/wp-content/plugins/elementor/assets/lib/font-awesome/css/brands.min52d5.css]
[websitedemos.net/business-consulting-02/wp-json/wp/v2/pages/736.json]
[websitedemos.net/business-consulting-02/wp-json/oembed/1.0/embedbfd4.json]
[websitedemos.net/business-consulting-02/wp-json/oembed/1.0/embeddb39]
[websitedemos.net/business-consulting-02/wp-content/plugins/wpforms-lite/assets/css/frontend/classic/wpforms-base.minb37f.css]
[websitedemos.net/business-consulting-02/wp-includes/js/underscore.min3ab8.js]
[websitedemos.net/business-consulting-02/wp-includes/js/wp-util.min6c2d.js]
[websitedemos.net/business-consulting-02/wp-content/plugins/wpforms-lite/assets/js/frontend/wpforms.minb37f.js]
[websitedemos.net/business-consulting-02/wp-content/plugins/wpforms-lite/assets/js/integrations/elementor/frontend.minb37f.js]
[websitedemos.net/business-consulting-02/wp-content/plugins/wpforms-lite/assets/lib/jquery.validate.min3c17.js]
[websitedemos.net/business-consulting-02/wp-content/plugins/wpforms-lite/assets/lib/mailcheck.mincfa9.js]
[websitedemos.net/business-consulting-02/wp-content/plugins/wpforms-lite/assets/lib/punycode.min8a54.js]
[websitedemos.net/business-consulting-02/wp-content/plugins/wpforms-lite/assets/js/share/utils.minb37f.js]
[websitedemos.net/business-consulting-02/contact/index.html]
[websitedemos.net/business-consulting-02/wp-content/uploads/sites/777/2021/02/logo-1.svg]
[websitedemos.net/business-consulting-02/wp-content/uploads/sites/777/2021/02/logo-2.svg]
[websitedemos.net/business-consulting-02/wp-content/uploads/sites/777/2021/02/logo-3.svg]
[websitedemos.net/business-consulting-02/wp-content/uploads/sites/777/2021/02/logo-4.svg]
[websitedemos.net/business-consulting-02/wp-content/uploads/sites/777/2021/02/logo-5.svg]
[websitedemos.net/business-consulting-02/wp-content/uploads/sites/777/2021/02/logo-6.svg]
[websitedemos.net/business-consulting-02/wp-content/uploads/sites/777/2021/02/logo-7.svg]
[websitedemos.net/business-consulting-02/wp-content/uploads/sites/777/2021/02/logo-8.svg]
[websitedemos.net/business-consulting-02/wp-content/uploads/sites/777/2021/02/site-logo-black.svg]
[websitedemos.net/business-consulting-02/wp-content/plugins/elementor/assets/lib/eicons/fonts/eicons4518.svg]
[websitedemos.net/business-consulting-02/wp-content/plugins/elementor/assets/lib/font-awesome/webfonts/fa-brands-400.svg]
[websitedemos.net/business-consulting-02/wp-content/plugins/elementor/assets/lib/font-awesome/webfonts/fa-solid-900.svg]
[websitedemos.net/business-consulting-02/wp-content/plugins/elementor/assets/lib/animations/styles/e-animation-grow.mindabc.css]
[websitedemos.net/business-consulting-02/wp-content/plugins/wpforms-lite/assets/js/frontend/fields/address.minb37f.js]
[websitedemos.net/business-consulting-02/wp-content/uploads/sites/777/2021/02/business-consulting-about-video-img.png]
[websitedemos.net/business-consulting-02/wp-content/uploads/sites/777/elementor/css/post-534228c.css]
[websitedemos.net/business-consulting-02/index6ca3.html]
[websitedemos.net/business-consulting-02/wp-content/uploads/sites/777/2021/02/business-consulting-main-services-img-bg.jpg]
[websitedemos.net/business-consulting-02/wp-content/uploads/sites/777/elementor/css/post-642e0ff.css]
[websitedemos.net/business-consulting-02/indexd1c3.html]
[websitedemos.net/business-consulting-02/wp-content/plugins/elementor/assets/css/widget-icon-box.mindabc.css]
[websitedemos.net/business-consulting-02/wp-content/plugins/elementor/assets/css/widget-social-icons.mindabc.css]
[websitedemos.net/business-consulting-02/wp-content/plugins/elementor/assets/css/conditionals/apple-webkit.mindabc.css]
[websitedemos.net/business-consulting-02/wp-content/plugins/elementor/assets/css/widget-google_maps.mindabc.css]
[websitedemos.net/business-consulting-02/wp-content/plugins/elementor/assets/css/widget-icon-list.mindabc.css]
[websitedemos.net/business-consulting-02/wp-content/uploads/sites/777/elementor/css/post-736e4fa.css]
[websitedemos.net/business-consulting-02/wp-content/plugins/elementor/assets/lib/font-awesome/css/brands.min52d5.css]
[websitedemos.net/business-consulting-02/indexdd7c.html]
[websitedemos.net/business-consulting-02/wp-content/plugins/wpforms-lite/assets/pro/images/times-solid-white.svg]
[websitedemos.net/business-consulting-02/wp-content/plugins/wpforms-lite/assets/css/frontend/classic/wpforms-base.minb37f.css]
[websitedemos.net/business-consulting-02/wp-content/plugins/wpforms-lite/assets/pro/images/times-solid-white.html]
